0 info it worked if it ends with ok
1 verbose cli [ '/home/morninng/.nvm/versions/node/v5.8.0/bin/node',
1 verbose cli   '/home/morninng/.nvm/versions/node/v5.8.0/bin/npm',
1 verbose cli   'start' ]
2 info using npm@3.7.3
3 info using node@v5.8.0
4 verbose run-script [ 'prestart', 'start', 'poststart' ]
5 info lifecycle data_gen@0.0.0~prestart: data_gen@0.0.0
6 silly lifecycle data_gen@0.0.0~prestart: no script for prestart, continuing
7 info lifecycle data_gen@0.0.0~start: data_gen@0.0.0
8 verbose lifecycle data_gen@0.0.0~start: unsafe-perm in lifecycle true
9 verbose lifecycle data_gen@0.0.0~start: PATH: /home/morninng/.nvm/versions/node/v5.8.0/lib/node_modules/npm/bin/node-gyp-bin:/home/morninng/dac/development/hackerson/watson/data_gen/node_modules/.bin:/home/morninng/.nvm/versions/node/v5.8.0/bin:/home/morninng/google-cloud-sdk/bin:/home/morninng/.nvm/versions/node/v5.8.0/bin:/usr/lib/jvm/apache-maven-3.2.3/bin:/usr/lib/jvm/java-8-oracle/bin:/usr/lib/jvm/java-speech-api:/home/morninng/android-ndk-r10b:/usr/local/heroku/bin:/home/morninng/.rbenv/bin:/home/morninng/.rbenv/shims:/usr/local/sbin:/usr/local/bin:/usr/sbin:/usr/bin:/sbin:/bin:/usr/games:/usr/local/games:/usr/lib/jvm/java-8-oracle/bin:/usr/lib/jvm/java-8-oracle/db/bin:/usr/lib/jvm/java-8-oracle/jre/bin
10 verbose lifecycle data_gen@0.0.0~start: CWD: /home/morninng/dac/development/hackerson/watson/data_gen
11 silly lifecycle data_gen@0.0.0~start: Args: [ '-c', 'node ./bin/www' ]
12 silly lifecycle data_gen@0.0.0~start: Returned: code: 1  signal: null
13 info lifecycle data_gen@0.0.0~start: Failed to exec start script
14 verbose stack Error: data_gen@0.0.0 start: `node ./bin/www`
14 verbose stack Exit status 1
14 verbose stack     at EventEmitter.<anonymous> (/home/morninng/.nvm/versions/node/v5.8.0/lib/node_modules/npm/lib/utils/lifecycle.js:239:16)
14 verbose stack     at emitTwo (events.js:100:13)
14 verbose stack     at EventEmitter.emit (events.js:185:7)
14 verbose stack     at ChildProcess.<anonymous> (/home/morninng/.nvm/versions/node/v5.8.0/lib/node_modules/npm/lib/utils/spawn.js:24:14)
14 verbose stack     at emitTwo (events.js:100:13)
14 verbose stack     at ChildProcess.emit (events.js:185:7)
14 verbose stack     at maybeClose (internal/child_process.js:850:16)
14 verbose stack     at Process.ChildProcess._handle.onexit (internal/child_process.js:215:5)
15 verbose pkgid data_gen@0.0.0
16 verbose cwd /home/morninng/dac/development/hackerson/watson/data_gen
17 error Linux 3.13.0-53-generic
18 error argv "/home/morninng/.nvm/versions/node/v5.8.0/bin/node" "/home/morninng/.nvm/versions/node/v5.8.0/bin/npm" "start"
19 error node v5.8.0
20 error npm  v3.7.3
21 error code ELIFECYCLE
22 error data_gen@0.0.0 start: `node ./bin/www`
22 error Exit status 1
23 error Failed at the data_gen@0.0.0 start script 'node ./bin/www'.
23 error Make sure you have the latest version of node.js and npm installed.
23 error If you do, this is most likely a problem with the data_gen package,
23 error not with npm itself.
23 error Tell the author that this fails on your system:
23 error     node ./bin/www
23 error You can get information on how to open an issue for this project with:
23 error     npm bugs data_gen
23 error Or if that isn't available, you can get their info via:
23 error     npm owner ls data_gen
23 error There is likely additional logging output above.
24 verbose exit [ 1, true ]
